<?xml version="1.0" encoding="UTF-8"?>
<!-- Generated by org.testng.reporters.JUnitXMLReporter -->
<testsuite hostname="AGI-LT-1148" name="Default test" tests="5" failures="0" timestamp="24 Feb 2020 13:42:11 GMT" time="81.421" errors="0">
  <testcase name="Login" time="14.018" classname="TestScripts.OrangeHRM"/>
  <testcase name="AddEntitlements" time="19.545" classname="TestScripts.OrangeHRM"/>
  <testcase name="AssigneLeave" time="19.839" classname="TestScripts.OrangeHRM"/>
  <testcase name="LeaveList" time="17.653" classname="TestScripts.OrangeHRM"/>
  <testcase name="Logout" time="6.062" classname="TestScripts.OrangeHRM"/>
</testsuite> <!-- Default test -->
