<?xml version="1.0" encoding="UTF-8"?>
<testng-results skipped="0" failed="0" total="5" passed="5">
  <reporter-output>
  </reporter-output>
  <suite name="Default suite" duration-ms="81421" started-at="2020-02-24T13:40:50Z" finished-at="2020-02-24T13:42:11Z">
    <groups>
    </groups>
    <test name="Default test" duration-ms="81421" started-at="2020-02-24T13:40:50Z" finished-at="2020-02-24T13:42:11Z">
      <class name="TestScripts.OrangeHRM">
        <test-method status="PASS" signature="beforeTest()[pri:0, instance:TestScripts.OrangeHRM@46d56d67]" name="beforeTest" is-config="true" duration-ms="2606" started-at="2020-02-24T19:10:50Z" finished-at="2020-02-24T19:10:53Z">
          <reporter-output>
          </reporter-output>
        </test-method> <!-- beforeTest -->
        <test-method status="PASS" signature="Login()[pri:0, instance:TestScripts.OrangeHRM@46d56d67]" name="Login" duration-ms="14018" started-at="2020-02-24T19:10:53Z" description="Login to LSRIMS application" finished-at="2020-02-24T19:11:07Z">
          <reporter-output>
          </reporter-output>
        </test-method> <!-- Login -->
        <test-method status="PASS" signature="AddEntitlements()[pri:1, instance:TestScripts.OrangeHRM@46d56d67]" name="AddEntitlements" duration-ms="19545" started-at="2020-02-24T19:11:07Z" description="Select any employee, select leave type FMLA and add leave entitlement" finished-at="2020-02-24T19:11:26Z">
          <reporter-output>
          </reporter-output>
        </test-method> <!-- AddEntitlements -->
        <test-method status="PASS" signature="AssigneLeave()[pri:2, instance:TestScripts.OrangeHRM@46d56d67]" name="AssigneLeave" duration-ms="19839" started-at="2020-02-24T19:11:26Z" description="Assign leave for the employee with a RANDOM leave type" finished-at="2020-02-24T19:11:46Z">
          <reporter-output>
          </reporter-output>
        </test-method> <!-- AssigneLeave -->
        <test-method status="PASS" signature="LeaveList()[pri:3, instance:TestScripts.OrangeHRM@46d56d67]" name="LeaveList" duration-ms="17653" started-at="2020-02-24T19:11:46Z" description="Cancel the leave request if there is no sufficient leave balance." finished-at="2020-02-24T19:12:04Z">
          <reporter-output>
          </reporter-output>
        </test-method> <!-- LeaveList -->
        <test-method status="PASS" signature="Logout()[pri:4, instance:TestScripts.OrangeHRM@46d56d67]" name="Logout" duration-ms="6062" started-at="2020-02-24T19:12:04Z" description="Logout From application" finished-at="2020-02-24T19:12:10Z">
          <reporter-output>
          </reporter-output>
        </test-method> <!-- Logout -->
        <test-method status="PASS" signature="afterTest()[pri:0, instance:TestScripts.OrangeHRM@46d56d67]" name="afterTest" is-config="true" duration-ms="1673" started-at="2020-02-24T19:12:10Z" finished-at="2020-02-24T19:12:11Z">
          <reporter-output>
          </reporter-output>
        </test-method> <!-- afterTest -->
      </class> <!-- TestScripts.OrangeHRM -->
    </test> <!-- Default test -->
  </suite> <!-- Default suite -->
</testng-results>
